<?xml version="1.0" encoding="UTF-8" standalone="no"?>
<testsuite failures="3" name="cucumber.runtime.formatter.JUnitFormatter" skipped="0" tests="17" time="0">
    <testcase classname="CRM PRO application testing" name="Login with Incorrect username and password" time="0">
        <failure message="The scenario has pending or undefined step(s)"><![CDATA[Given This is valid login test..............................................undefined
]]></failure>
    </testcase>
    <testcase classname="CRM PRO application testing" name="Login with Incorrect username and password" time="0">
        <failure message="The scenario has pending or undefined step(s)"><![CDATA[Given This is invalid login test............................................undefined
]]></failure>
    </testcase>
    <testcase classname="CRM PRO application testing" name="Create a contact" time="0">
        <system-out><![CDATA[Given This is a contact test case...........................................skipped
]]></system-out>
    </testcase>
    <testcase classname="CRM PRO application testing" name="Create a deal" time="0">
        <system-out><![CDATA[Given This is a deal test case..............................................skipped
]]></system-out>
    </testcase>
    <testcase classname="CRM PRO application testing" name="Create a task" time="0">
        <failure message="The scenario has pending or undefined step(s)"><![CDATA[Given This is a task test case..............................................undefined
]]></failure>
    </testcase>
    <testcase classname="CRM PRO application testing" name="Create a case" time="0">
        <system-out><![CDATA[Given This is a case test case..............................................skipped
]]></system-out>
    </testcase>
    <testcase classname="CRM PRO application testing" name="Verify left panel links" time="0">
        <system-out><![CDATA[Given clicking on left panel links..........................................skipped
]]></system-out>
    </testcase>
    <testcase classname="CRM PRO application testing" name="Search a deal" time="0">
        <system-out><![CDATA[Given This is a search deal test............................................skipped
]]></system-out>
    </testcase>
    <testcase classname="CRM PRO application testing" name="Search a contacts" time="0">
        <system-out><![CDATA[Given This is a search contact test.........................................skipped
]]></system-out>
    </testcase>
    <testcase classname="CRM PRO application testing" name="Search a case" time="0">
        <system-out><![CDATA[Given This is a search case test............................................skipped
]]></system-out>
    </testcase>
    <testcase classname="CRM PRO application testing" name="Search a task" time="0">
        <system-out><![CDATA[Given This is a search task test............................................skipped
]]></system-out>
    </testcase>
    <testcase classname="CRM PRO application testing" name="Search a call" time="0">
        <system-out><![CDATA[Given This is a search call test............................................skipped
]]></system-out>
    </testcase>
    <testcase classname="CRM PRO application testing" name="Search an email" time="0">
        <system-out><![CDATA[Given This is a search email test...........................................skipped
]]></system-out>
    </testcase>
    <testcase classname="CRM PRO application testing" name="Search a docs" time="0">
        <system-out><![CDATA[Given This is a search docs test............................................skipped
]]></system-out>
    </testcase>
    <testcase classname="CRM PRO application testing" name="Search a forms" time="0">
        <system-out><![CDATA[Given This is a search forms test...........................................skipped
]]></system-out>
    </testcase>
    <testcase classname="CRM PRO application testing" name="Validate a reports" time="0">
        <system-out><![CDATA[Given This is a report test.................................................skipped
]]></system-out>
    </testcase>
    <testcase classname="CRM PRO application testing" name="Application logout" time="0">
        <system-out><![CDATA[Given This is a logout test.................................................skipped
]]></system-out>
    </testcase>
</testsuite>
